<?xml version="1.0" encoding="UTF-8"?>
<testsuite xmlns:xsi="http://www.w3.org/2001/XMLSchema-instance" xsi:noNamespaceSchemaLocation="https://maven.apache.org/surefire/maven-surefire-plugin/xsd/surefire-test-report.xsd" name="xuexishe.textSearchTest" time="35.102" tests="545" errors="0" skipped="0" failures="0">
  <properties>
[...]
</properties>
  <testcase name="TestQA{String}[1]" classname="xuexishe.textSearchTest" time="0.123"/>
  <testcase name="TestQA{String}[2]" classname="xuexishe.textSearchTest" time="0.056"/>
  <testcase name="TestQA{String}[3]" classname="xuexishe.textSearchTest" time="0.207"/>
  <testcase name="TestQA{String}[4]" classname="xuexishe.textSearchTest" time="0.041"/>
  <testcase name="TestQA{String}[5]" classname="xuexishe.textSearchTest" time="0.053"/>
  <testcase name="TestQA{String}[6]" classname="xuexishe.textSearchTest" time="0.046"/>
  <testcase name="TestQA{String}[7]" classname="xuexishe.textSearchTest" time="0.052"/>
  <testcase name="TestQA{String}[8]" classname="xuexishe.textSearchTest" time="0.05"/>
  <testcase name="TestQA{String}[9]" classname="xuexishe.textSearchTest" time="0.062"/>
  <testcase name="TestNotEntityWord{String}[1]" classname="xuexishe.textSearchTest" time="0.122"/>
  <testcase name="TestNotEntityWord{String}[2]" classname="xuexishe.textSearchTest" time="0.093"/>
  <testcase name="TestNotEntityWord{String}[3]" classname="xuexishe.textSearchTest" time="0.135"/>
  <testcase name="TestNotEntityWord{String}[4]" classname="xuexishe.textSearchTest" time="0.131"/>
  <testcase name="TestNotEntityWord{String}[5]" classname="xuexishe.textSearchTest" time="0.154"/>
  <testcase name="TestGetAllEntityWordAndSearch{String}[1]" classname="xuexishe.textSearchTest" time="0.235"/>
  <testcase name="TestGetAllEntityWordAndSearch{String}[2]" classname="xuexishe.textSearchTest" time="0.049"/>
  <testcase name="TestGetAllEntityWordAndSearch{String}[3]" classname="xuexishe.textSearchTest" time="0.067"/>
  <testcase name="TestGetAllEntityWordAndSearch{String}[4]" classname="xuexishe.textSearchTest" time="0.054"/>
  <testcase name="TestGetAllEntityWordAndSearch{String}[5]" classname="xuexishe.textSearchTest" time="0.072"/>
  <testcase name="TestGetAllEntityWordAndSearch{String}[6]" classname="xuexishe.textSearchTest" time="0.056"/>
  <testcase name="TestGetAllEntityWordAndSearch{String}[7]" classname="xuexishe.textSearchTest" time="0.057"/>
  <testcase name="TestGetAllEntityWordAndSearch{String}[8]" classname="xuexishe.textSearchTest" time="0.072"/>
  <testcase name="TestGetAllEntityWordAndSearch{String}[9]" classname="xuexishe.textSearchTest" time="0.05"/>
  <testcase name="TestGetAllEntityWordAndSearch{String}[10]" classname="xuexishe.textSearchTest" time="0.084"/>
  <testcase name="TestGetAllEntityWordAndSearch{String}[11]" classname="xuexishe.textSearchTest" time="0.082"/>
  <testcase name="TestGetAllEntityWordAndSearch{String}[12]" classname="xuexishe.textSearchTest" time="0.065"/>
  <testcase name="TestGetAllEntityWordAndSearch{String}[13]" classname="xuexishe.textSearchTest" time="0.077"/>
  <testcase name="TestGetAllEntityWordAndSearch{String}[14]" classname="xuexishe.textSearchTest" time="0.054"/>
  <testcase name="TestGetAllEntityWordAndSearch{String}[15]" classname="xuexishe.textSearchTest" time="0.048"/>
  <testcase name="TestGetAllEntityWordAndSearch{String}[16]" classname="xuexishe.textSearchTest" time="0.053"/>
  <testcase name="TestGetAllEntityWordAndSearch{String}[17]" classname="xuexishe.textSearchTest" time="0.083"/>
  <testcase name="TestGetAllEntityWordAndSearch{String}[18]" classname="xuexishe.textSearchTest" time="0.063"/>
  <testcase name="TestGetAllEntityWordAndSearch{String}[19]" classname="xuexishe.textSearchTest" time="0.062"/>
  <testcase name="TestGetAllEntityWordAndSearch{String}[20]" classname="xuexishe.textSearchTest" time="0.077"/>
  <testcase name="TestGetAllEntityWordAndSearch{String}[21]" classname="xuexishe.textSearchTest" time="0.07"/>
  <testcase name="TestGetAllEntityWordAndSearch{String}[22]" classname="xuexishe.textSearchTest" time="0.084"/>
  <testcase name="TestGetAllEntityWordAndSearch{String}[23]" classname="xuexishe.textSearchTest" time="0.065"/>
  <testcase name="TestGetAllEntityWordAndSearch{String}[24]" classname="xuexishe.textSearchTest" time="0.082"/>
  <testcase name="TestGetAllEntityWordAndSearch{String}[25]" classname="xuexishe.textSearchTest" time="0.066"/>
  <testcase name="TestGetAllEntityWordAndSearch{String}[26]" classname="xuexishe.textSearchTest" time="0.068"/>
  <testcase name="TestGetAllEntityWordAndSearch{String}[27]" classname="xuexishe.textSearchTest" time="0.067"/>
  <testcase name="TestGetAllEntityWordAndSearch{String}[28]" classname="xuexishe.textSearchTest" time="0.069"/>
  <testcase name="TestGetAllEntityWordAndSearch{String}[29]" classname="xuexishe.textSearchTest" time="0.11"/>
  <testcase name="TestGetAllEntityWordAndSearch{String}[30]" classname="xuexishe.textSearchTest" time="0.118"/>
  <testcase name="TestGetAllEntityWordAndSearch{String}[31]" classname="xuexishe.textSearchTest" time="0.061"/>
  <testcase name="TestGetAllEntityWordAndSearch{String}[32]" classname="xuexishe.textSearchTest" time="0.073"/>
  <testcase name="TestGetAllEntityWordAndSearch{String}[33]" classname="xuexishe.textSearchTest" time="0.078"/>
  <testcase name="TestGetAllEntityWordAndSearch{String}[34]" classname="xuexishe.textSearchTest" time="0.071"/>
  <testcase name="TestGetAllEntityWordAndSearch{String}[35]" classname="xuexishe.textSearchTest" time="0.064"/>
  <testcase name="TestGetAllEntityWordAndSearch{String}[36]" classname="xuexishe.textSearchTest" time="0.077"/>
  <testcase name="TestGetAllEntityWordAndSearch{String}[37]" classname="xuexishe.textSearchTest" time="0.088"/>
  <testcase name="TestGetAllEntityWordAndSearch{String}[38]" classname="xuexishe.textSearchTest" time="0.063"/>
  <testcase name="TestGetAllEntityWordAndSearch{String}[39]" classname="xuexishe.textSearchTest" time="0.05"/>
  <testcase name="TestGetAllEntityWordAndSearch{String}[40]" classname="xuexishe.textSearchTest" time="0.073"/>
  <testcase name="TestGetAllEntityWordAndSearch{String}[41]" classname="xuexishe.textSearchTest" time="0.057"/>
  <testcase name="TestGetAllEntityWordAndSearch{String}[42]" classname="xuexishe.textSearchTest" time="0.056"/>
  <testcase name="TestGetAllEntityWordAndSearch{String}[43]" classname="xuexishe.textSearchTest" time="0.054"/>
  <testcase name="TestGetAllEntityWordAndSearch{String}[44]" classname="xuexishe.textSearchTest" time="0.065"/>
  <testcase name="TestGetAllEntityWordAndSearch{String}[45]" classname="xuexishe.textSearchTest" time="0.065"/>
  <testcase name="TestGetAllEntityWordAndSearch{String}[46]" classname="xuexishe.textSearchTest" time="0.06"/>
  <testcase name="TestGetAllEntityWordAndSearch{String}[47]" classname="xuexishe.textSearchTest" time="0.055"/>
  <testcase name="TestGetAllEntityWordAndSearch{String}[48]" classname="xuexishe.textSearchTest" time="0.082"/>
  <testcase name="TestGetAllEntityWordAndSearch{String}[49]" classname="xuexishe.textSearchTest" time="0.064"/>
  <testcase name="TestGetAllEntityWordAndSearch{String}[50]" classname="xuexishe.textSearchTest" time="0.067"/>
  <testcase name="TestGetAllEntityWordAndSearch{String}[51]" classname="xuexishe.textSearchTest" time="0.056"/>
  <testcase name="TestGetAllEntityWordAndSearch{String}[52]" classname="xuexishe.textSearchTest" time="0.074"/>
  <testcase name="TestGetAllEntityWordAndSearch{String}[53]" classname="xuexishe.textSearchTest" time="0.071"/>
  <testcase name="TestGetAllEntityWordAndSearch{String}[54]" classname="xuexishe.textSearchTest" time="0.07"/>
  <testcase name="TestGetAllEntityWordAndSearch{String}[55]" classname="xuexishe.textSearchTest" time="0.053"/>
  <testcase name="TestGetAllEntityWordAndSearch{String}[56]" classname="xuexishe.textSearchTest" time="0.048"/>
  <testcase name="TestGetAllEntityWordAndSearch{String}[57]" classname="xuexishe.textSearchTest" time="0.047"/>
  <testcase name="TestGetAllEntityWordAndSearch{String}[58]" classname="xuexishe.textSearchTest" time="0.057"/>
  <testcase name="TestGetAllEntityWordAndSearch{String}[59]" classname="xuexishe.textSearchTest" time="0.051"/>
  <testcase name="TestGetAllEntityWordAndSearch{String}[60]" classname="xuexishe.textSearchTest" time="0.052"/>
  <testcase name="TestGetAllEntityWordAndSearch{String}[61]" classname="xuexishe.textSearchTest" time="0.04"/>
  <testcase name="TestGetAllEntityWordAndSearch{String}[62]" classname="xuexishe.textSearchTest" time="0.051"/>
  <testcase name="TestGetAllEntityWordAndSearch{String}[63]" classname="xuexishe.textSearchTest" time="0.068"/>
  <testcase name="TestGetAllEntityWordAndSearch{String}[64]" classname="xuexishe.textSearchTest" time="0.05"/>
  <testcase name="TestGetAllEntityWordAndSearch{String}[65]" classname="xuexishe.textSearchTest" time="0.061"/>
  <testcase name="TestGetAllEntityWordAndSearch{String}[66]" classname="xuexishe.textSearchTest" time="0.065"/>
  <testcase name="TestGetAllEntityWordAndSearch{String}[67]" classname="xuexishe.textSearchTest" time="0.084"/>
  <testcase name="TestGetAllEntityWordAndSearch{String}[68]" classname="xuexishe.textSearchTest" time="0.069"/>
  <testcase name="TestGetAllEntityWordAndSearch{String}[69]" classname="xuexishe.textSearchTest" time="0.058"/>
  <testcase name="TestGetAllEntityWordAndSearch{String}[70]" classname="xuexishe.textSearchTest" time="0.052"/>
  <testcase name="TestGetAllEntityWordAndSearch{String}[71]" classname="xuexishe.textSearchTest" time="0.042"/>
  <testcase name="TestGetAllEntityWordAndSearch{String}[72]" classname="xuexishe.textSearchTest" time="0.06"/>
  <testcase name="TestGetAllEntityWordAndSearch{String}[73]" classname="xuexishe.textSearchTest" time="0.046"/>
  <testcase name="TestGetAllEntityWordAndSearch{String}[74]" classname="xuexishe.textSearchTest" time="0.049"/>
  <testcase name="TestGetAllEntityWordAndSearch{String}[75]" classname="xuexishe.textSearchTest" time="0.044"/>
  <testcase name="TestGetAllEntityWordAndSearch{String}[76]" classname="xuexishe.textSearchTest" time="0.048"/>
  <testcase name="TestGetAllEntityWordAndSearch{String}[77]" classname="xuexishe.textSearchTest" time="0.066"/>
  <testcase name="TestGetAllEntityWordAndSearch{String}[78]" classname="xuexishe.textSearchTest" time="0.049"/>
  <testcase name="TestGetAllEntityWordAndSearch{String}[79]" classname="xuexishe.textSearchTest" time="0.049"/>
  <testcase name="TestGetAllEntityWordAndSearch{String}[80]" classname="xuexishe.textSearchTest" time="0.06"/>
  <testcase name="TestGetAllEntityWordAndSearch{String}[81]" classname="xuexishe.textSearchTest" time="0.045"/>
  <testcase name="TestGetAllEntityWordAndSearch{String}[82]" classname="xuexishe.textSearchTest" time="0.052"/>
  <testcase name="TestGetAllEntityWordAndSearch{String}[83]" classname="xuexishe.textSearchTest" time="0.056"/>
  <testcase name="TestGetAllEntityWordAndSearch{String}[84]" classname="xuexishe.textSearchTest" time="0.063"/>
  <testcase name="TestGetAllEntityWordAndSearch{String}[85]" classname="xuexishe.textSearchTest" time="0.066"/>
  <testcase name="TestGetAllEntityWordAndSearch{String}[86]" classname="xuexishe.textSearchTest" time="0.058"/>
  <testcase name="TestGetAllEntityWordAndSearch{String}[87]" classname="xuexishe.textSearchTest" time="0.053"/>
  <testcase name="TestGetAllEntityWordAndSearch{String}[88]" classname="xuexishe.textSearchTest" time="0.126"/>
  <testcase name="TestGetAllEntityWordAndSearch{String}[89]" classname="xuexishe.textSearchTest" time="0.061"/>
  <testcase name="TestGetAllEntityWordAndSearch{String}[90]" classname="xuexishe.textSearchTest" time="0.055"/>
  <testcase name="TestGetAllEntityWordAndSearch{String}[91]" classname="xuexishe.textSearchTest" time="0.033"/>
  <testcase name="TestGetAllEntityWordAndSearch{String}[92]" classname="xuexishe.textSearchTest" time="0.042"/>
  <testcase name="TestGetAllEntityWordAndSearch{String}[93]" classname="xuexishe.textSearchTest" time="0.059"/>
  <testcase name="TestGetAllEntityWordAndSearch{String}[94]" classname="xuexishe.textSearchTest" time="0.042"/>
  <testcase name="TestGetAllEntityWordAndSearch{String}[95]" classname="xuexishe.textSearchTest" time="0.047"/>
  <testcase name="TestGetAllEntityWordAndSearch{String}[96]" classname="xuexishe.textSearchTest" time="0.049"/>
  <testcase name="TestGetAllEntityWordAndSearch{String}[97]" classname="xuexishe.textSearchTest" time="0.059"/>
  <testcase name="TestGetAllEntityWordAndSearch{String}[98]" classname="xuexishe.textSearchTest" time="0.042"/>
  <testcase name="TestGetAllEntityWordAndSearch{String}[99]" classname="xuexishe.textSearchTest" time="0.044"/>
  <testcase name="TestGetAllEntityWordAndSearch{String}[100]" classname="xuexishe.textSearchTest" time="0.056"/>
  <testcase name="TestGetAllEntityWordAndSearch{String}[101]" classname="xuexishe.textSearchTest" time="0.052"/>
  <testcase name="TestGetAllEntityWordAndSearch{String}[102]" classname="xuexishe.textSearchTest" time="0.052"/>
  <testcase name="TestGetAllEntityWordAndSearch{String}[103]" classname="xuexishe.textSearchTest" time="0.055"/>
  <testcase name="TestGetAllEntityWordAndSearch{String}[104]" classname="xuexishe.textSearchTest" time="0.052"/>
  <testcase name="TestGetAllEntityWordAndSearch{String}[105]" classname="xuexishe.textSearchTest" time="0.069"/>
  <testcase name="TestGetAllEntityWordAndSearch{String}[106]" classname="xuexishe.textSearchTest" time="0.065"/>
  <testcase name="TestGetAllEntityWordAndSearch{String}[107]" classname="xuexishe.textSearchTest" time="0.05"/>
  <testcase name="TestGetAllEntityWordAndSearch{String}[108]" classname="xuexishe.textSearchTest" time="0.04"/>
  <testcase name="TestGetAllEntityWordAndSearch{String}[109]" classname="xuexishe.textSearchTest" time="0.05"/>
  <testcase name="TestGetAllEntityWordAndSearch{String}[110]" classname="xuexishe.textSearchTest" time="0.057"/>
  <testcase name="TestGetAllEntityWordAndSearch{String}[111]" classname="xuexishe.textSearchTest" time="0.059"/>
  <testcase name="TestGetAllEntityWordAndSearch{String}[112]" classname="xuexishe.textSearchTest" time="0.066"/>
  <testcase name="TestGetAllEntityWordAndSearch{String}[113]" classname="xuexishe.textSearchTest" time="0.051"/>
  <testcase name="TestGetAllEntityWordAndSearch{String}[114]" classname="xuexishe.textSearchTest" time="0.047"/>
  <testcase name="TestGetAllEntityWordAndSearch{String}[115]" classname="xuexishe.textSearchTest" time="0.056"/>
  <testcase name="TestGetAllEntityWordAndSearch{String}[116]" classname="xuexishe.textSearchTest" time="0.061"/>
  <testcase name="TestGetAllEntityWordAndSearch{String}[117]" classname="xuexishe.textSearchTest" time="0.055"/>
  <testcase name="TestGetAllEntityWordAndSearch{String}[118]" classname="xuexishe.textSearchTest" time="0.073"/>
  <testcase name="TestGetAllEntityWordAndSearch{String}[119]" classname="xuexishe.textSearchTest" time="0.052"/>
  <testcase name="TestGetAllEntityWordAndSearch{String}[120]" classname="xuexishe.textSearchTest" time="0.045"/>
  <testcase name="TestGetAllEntityWordAndSearch{String}[121]" classname="xuexishe.textSearchTest" time="0.049"/>
  <testcase name="TestGetAllEntityWordAndSearch{String}[122]" classname="xuexishe.textSearchTest" time="0.047"/>
  <testcase name="TestGetAllEntityWordAndSearch{String}[123]" classname="xuexishe.textSearchTest" time="0.059"/>
  <testcase name="TestGetAllEntityWordAndSearch{String}[124]" classname="xuexishe.textSearchTest" time="0.052"/>
  <testcase name="TestGetAllEntityWordAndSearch{String}[125]" classname="xuexishe.textSearchTest" time="0.049"/>
  <testcase name="TestGetAllEntityWordAndSearch{String}[126]" classname="xuexishe.textSearchTest" time="0.045"/>
  <testcase name="TestGetAllEntityWordAndSearch{String}[127]" classname="xuexishe.textSearchTest" time="0.071"/>
  <testcase name="TestGetAllEntityWordAndSearch{String}[128]" classname="xuexishe.textSearchTest" time="0.048"/>
  <testcase name="TestGetAllEntityWordAndSearch{String}[129]" classname="xuexishe.textSearchTest" time="0.053"/>
  <testcase name="TestGetAllEntityWordAndSearch{String}[130]" classname="xuexishe.textSearchTest" time="0.055"/>
  <testcase name="TestGetAllEntityWordAndSearch{String}[131]" classname="xuexishe.textSearchTest" time="0.078"/>
  <testcase name="TestGetAllEntityWordAndSearch{String}[132]" classname="xuexishe.textSearchTest" time="0.057"/>
  <testcase name="TestGetAllEntityWordAndSearch{String}[133]" classname="xuexishe.textSearchTest" time="0.07"/>
  <testcase name="TestGetAllEntityWordAndSearch{String}[134]" classname="xuexishe.textSearchTest" time="0.061"/>
  <testcase name="TestGetAllEntityWordAndSearch{String}[135]" classname="xuexishe.textSearchTest" time="0.048"/>
  <testcase name="TestGetAllEntityWordAndSearch{String}[136]" classname="xuexishe.textSearchTest" time="0.052"/>
  <testcase name="TestGetAllEntityWordAndSearch{String}[137]" classname="xuexishe.textSearchTest" time="0.06"/>
  <testcase name="TestGetAllEntityWordAndSearch{String}[138]" classname="xuexishe.textSearchTest" time="0.055"/>
  <testcase name="TestGetAllEntityWordAndSearch{String}[139]" classname="xuexishe.textSearchTest" time="0.055"/>
  <testcase name="TestGetAllEntityWordAndSearch{String}[140]" classname="xuexishe.textSearchTest" time="0.063"/>
  <testcase name="TestGetAllEntityWordAndSearch{String}[141]" classname="xuexishe.textSearchTest" time="0.063"/>
  <testcase name="TestGetAllEntityWordAndSearch{String}[142]" classname="xuexishe.textSearchTest" time="0.046"/>
  <testcase name="TestGetAllEntityWordAndSearch{String}[143]" classname="xuexishe.textSearchTest" time="0.069"/>
  <testcase name="TestGetAllEntityWordAndSearch{String}[144]" classname="xuexishe.textSearchTest" time="0.057"/>
  <testcase name="TestGetAllEntityWordAndSearch{String}[145]" classname="xuexishe.textSearchTest" time="0.069"/>
  <testcase name="TestGetAllEntityWordAndSearch{String}[146]" classname="xuexishe.textSearchTest" time="0.054"/>
  <testcase name="TestGetAllEntityWordAndSearch{String}[147]" classname="xuexishe.textSearchTest" time="0.06"/>
  <testcase name="TestGetAllEntityWordAndSearch{String}[148]" classname="xuexishe.textSearchTest" time="0.043"/>
  <testcase name="TestGetAllEntityWordAndSearch{String}[149]" classname="xuexishe.textSearchTest" time="0.032"/>
  <testcase name="TestGetAllEntityWordAndSearch{String}[150]" classname="xuexishe.textSearchTest" time="0.045"/>
  <testcase name="TestGetAllEntityWordAndSearch{String}[151]" classname="xuexishe.textSearchTest" time="0.051"/>
  <testcase name="TestGetAllEntityWordAndSearch{String}[152]" classname="xuexishe.textSearchTest" time="0.069"/>
  <testcase name="TestGetAllEntityWordAndSearch{String}[153]" classname="xuexishe.textSearchTest" time="0.053"/>
  <testcase name="TestGetAllEntityWordAndSearch{String}[154]" classname="xuexishe.textSearchTest" time="0.075"/>
  <testcase name="TestGetAllEntityWordAndSearch{String}[155]" classname="xuexishe.textSearchTest" time="0.069"/>
  <testcase name="TestGetAllEntityWordAndSearch{String}[156]" classname="xuexishe.textSearchTest" time="0.071"/>
  <testcase name="TestGetAllEntityWordAndSearch{String}[157]" classname="xuexishe.textSearchTest" time="0.059"/>
  <testcase name="TestGetAllEntityWordAndSearch{String}[158]" classname="xuexishe.textSearchTest" time="0.05"/>
  <testcase name="TestGetAllEntityWordAndSearch{String}[159]" classname="xuexishe.textSearchTest" time="0.042"/>
  <testcase name="TestGetAllEntityWordAndSearch{String}[160]" classname="xuexishe.textSearchTest" time="0.047"/>
  <testcase name="TestGetAllEntityWordAndSearch{String}[161]" classname="xuexishe.textSearchTest" time="0.05"/>
  <testcase name="TestGetAllEntityWordAndSearch{String}[162]" classname="xuexishe.textSearchTest" time="0.056"/>
  <testcase name="TestGetAllEntityWordAndSearch{String}[163]" classname="xuexishe.textSearchTest" time="0.052"/>
  <testcase name="TestGetAllEntityWordAndSearch{String}[164]" classname="xuexishe.textSearchTest" time="0.055"/>
  <testcase name="TestGetAllEntityWordAndSearch{String}[165]" classname="xuexishe.textSearchTest" time="0.051"/>
  <testcase name="TestGetAllEntityWordAndSearch{String}[166]" classname="xuexishe.textSearchTest" time="0.063"/>
  <testcase name="TestGetAllEntityWordAndSearch{String}[167]" classname="xuexishe.textSearchTest" time="0.048"/>
  <testcase name="TestGetAllEntityWordAndSearch{String}[168]" classname="xuexishe.textSearchTest" time="0.051"/>
  <testcase name="TestGetAllEntityWordAndSearch{String}[169]" classname="xuexishe.textSearchTest" time="0.048"/>
  <testcase name="TestGetAllEntityWordAndSearch{String}[170]" classname="xuexishe.textSearchTest" time="0.067"/>
  <testcase name="TestGetAllEntityWordAndSearch{String}[171]" classname="xuexishe.textSearchTest" time="0.043"/>
  <testcase name="TestGetAllEntityWordAndSearch{String}[172]" classname="xuexishe.textSearchTest" time="0.046"/>
  <testcase name="TestGetAllEntityWordAndSearch{String}[173]" classname="xuexishe.textSearchTest" time="0.057"/>
  <testcase name="TestGetAllEntityWordAndSearch{String}[174]" classname="xuexishe.textSearchTest" time="0.047"/>
  <testcase name="TestGetAllEntityWordAndSearch{String}[175]" classname="xuexishe.textSearchTest" time="0.048"/>
  <testcase name="TestGetAllEntityWordAndSearch{String}[176]" classname="xuexishe.textSearchTest" time="0.075"/>
  <testcase name="TestGetAllEntityWordAndSearch{String}[177]" classname="xuexishe.textSearchTest" time="0.057"/>
  <testcase name="TestGetAllEntityWordAndSearch{String}[178]" classname="xuexishe.textSearchTest" time="0.057"/>
  <testcase name="TestGetAllEntityWordAndSearch{String}[179]" classname="xuexishe.textSearchTest" time="0.058"/>
  <testcase name="TestGetAllEntityWordAndSearch{String}[180]" classname="xuexishe.textSearchTest" time="0.062"/>
  <testcase name="TestGetAllEntityWordAndSearch{String}[181]" classname="xuexishe.textSearchTest" time="0.063"/>
  <testcase name="TestGetAllEntityWordAndSearch{String}[182]" classname="xuexishe.textSearchTest" time="0.043"/>
  <testcase name="TestGetAllEntityWordAndSearch{String}[183]" classname="xuexishe.textSearchTest" time="0.042"/>
  <testcase name="TestGetAllEntityWordAndSearch{String}[184]" classname="xuexishe.textSearchTest" time="0.046"/>
  <testcase name="TestGetAllEntityWordAndSearch{String}[185]" classname="xuexishe.textSearchTest" time="0.062"/>
  <testcase name="TestGetAllEntityWordAndSearch{String}[186]" classname="xuexishe.textSearchTest" time="0.048"/>
  <testcase name="TestGetAllEntityWordAndSearch{String}[187]" classname="xuexishe.textSearchTest" time="0.053"/>
  <testcase name="TestGetAllEntityWordAndSearch{String}[188]" classname="xuexishe.textSearchTest" time="0.06"/>
  <testcase name="TestGetAllEntityWordAndSearch{String}[189]" classname="xuexishe.textSearchTest" time="0.048"/>
  <testcase name="TestGetAllEntityWordAndSearch{String}[190]" classname="xuexishe.textSearchTest" time="0.052"/>
  <testcase name="TestGetAllEntityWordAndSearch{String}[191]" classname="xuexishe.textSearchTest" time="0.063"/>
  <testcase name="TestGetAllEntityWordAndSearch{String}[192]" classname="xuexishe.textSearchTest" time="0.068"/>
  <testcase name="TestGetAllEntityWordAndSearch{String}[193]" classname="xuexishe.textSearchTest" time="0.075"/>
  <testcase name="TestGetAllEntityWordAndSearch{String}[194]" classname="xuexishe.textSearchTest" time="0.048"/>
  <testcase name="TestGetAllEntityWordAndSearch{String}[195]" classname="xuexishe.textSearchTest" time="0.042"/>
  <testcase name="TestGetAllEntityWordAndSearch{String}[196]" classname="xuexishe.textSearchTest" time="0.052"/>
  <testcase name="TestGetAllEntityWordAndSearch{String}[197]" classname="xuexishe.textSearchTest" time="0.062"/>
  <testcase name="TestGetAllEntityWordAndSearch{String}[198]" classname="xuexishe.textSearchTest" time="0.052"/>
  <testcase name="TestGetAllEntityWordAndSearch{String}[199]" classname="xuexishe.textSearchTest" time="0.049"/>
  <testcase name="TestGetAllEntityWordAndSearch{String}[200]" classname="xuexishe.textSearchTest" time="0.048"/>
  <testcase name="TestGetAllEntityWordAndSearch{String}[201]" classname="xuexishe.textSearchTest" time="0.047"/>
  <testcase name="TestGetAllEntityWordAndSearch{String}[202]" classname="xuexishe.textSearchTest" time="0.065"/>
  <testcase name="TestGetAllEntityWordAndSearch{String}[203]" classname="xuexishe.textSearchTest" time="0.053"/>
  <testcase name="TestGetAllEntityWordAndSearch{String}[204]" classname="xuexishe.textSearchTest" time="0.062"/>
  <testcase name="TestGetAllEntityWordAndSearch{String}[205]" classname="xuexishe.textSearchTest" time="0.056"/>
  <testcase name="TestGetAllEntityWordAndSearch{String}[206]" classname="xuexishe.textSearchTest" time="0.057"/>
  <testcase name="TestGetAllEntityWordAndSearch{String}[207]" classname="xuexishe.textSearchTest" time="0.061"/>
  <testcase name="TestGetAllEntityWordAndSearch{String}[208]" classname="xuexishe.textSearchTest" time="0.041"/>
  <testcase name="TestGetAllEntityWordAndSearch{String}[209]" classname="xuexishe.textSearchTest" time="0.052"/>
  <testcase name="TestGetAllEntityWordAndSearch{String}[210]" classname="xuexishe.textSearchTest" time="0.055"/>
  <testcase name="TestGetAllEntityWordAndSearch{String}[211]" classname="xuexishe.textSearchTest" time="0.042"/>
  <testcase name="TestGetAllEntityWordAndSearch{String}[212]" classname="xuexishe.textSearchTest" time="0.051"/>
  <testcase name="TestGetAllEntityWordAndSearch{String}[213]" classname="xuexishe.textSearchTest" time="0.049"/>
  <testcase name="TestGetAllEntityWordAndSearch{String}[214]" classname="xuexishe.textSearchTest" time="0.052"/>
  <testcase name="TestGetAllEntityWordAndSearch{String}[215]" classname="xuexishe.textSearchTest" time="0.061"/>
  <testcase name="TestGetAllEntityWordAndSearch{String}[216]" classname="xuexishe.textSearchTest" time="0.05"/>
  <testcase name="TestGetAllEntityWordAndSearch{String}[217]" classname="xuexishe.textSearchTest" time="0.056"/>
  <testcase name="TestGetAllEntityWordAndSearch{String}[218]" classname="xuexishe.textSearchTest" time="0.073"/>
  <testcase name="TestGetAllEntityWordAndSearch{String}[219]" classname="xuexishe.textSearchTest" time="0.069"/>
  <testcase name="TestGetAllEntityWordAndSearch{String}[220]" classname="xuexishe.textSearchTest" time="0.058"/>
  <testcase name="TestGetAllEntityWordAndSearch{String}[221]" classname="xuexishe.textSearchTest" time="0.051"/>
  <testcase name="TestGetAllEntityWordAndSearch{String}[222]" classname="xuexishe.textSearchTest" time="0.059"/>
  <testcase name="TestGetAllEntityWordAndSearch{String}[223]" classname="xuexishe.textSearchTest" time="0.048"/>
  <testcase name="TestGetAllEntityWordAndSearch{String}[224]" classname="xuexishe.textSearchTest" time="0.058"/>
  <testcase name="TestGetAllEntityWordAndSearch{String}[225]" classname="xuexishe.textSearchTest" time="0.049"/>
  <testcase name="TestGetAllEntityWordAndSearch{String}[226]" classname="xuexishe.textSearchTest" time="0.049"/>
  <testcase name="TestGetAllEntityWordAndSearch{String}[227]" classname="xuexishe.textSearchTest" time="0.046"/>
  <testcase name="TestGetAllEntityWordAndSearch{String}[228]" classname="xuexishe.textSearchTest" time="0.052"/>
  <testcase name="TestGetAllEntityWordAndSearch{String}[229]" classname="xuexishe.textSearchTest" time="0.063"/>
  <testcase name="TestGetAllEntityWordAndSearch{String}[230]" classname="xuexishe.textSearchTest" time="0.062"/>
  <testcase name="TestGetAllEntityWordAndSearch{String}[231]" classname="xuexishe.textSearchTest" time="0.064"/>
  <testcase name="TestGetAllEntityWordAndSearch{String}[232]" classname="xuexishe.textSearchTest" time="0.045"/>
  <testcase name="TestGetAllEntityWordAndSearch{String}[233]" classname="xuexishe.textSearchTest" time="0.045"/>
  <testcase name="TestGetAllEntityWordAndSearch{String}[234]" classname="xuexishe.textSearchTest" time="0.055"/>
  <testcase name="TestGetAllEntityWordAndSearch{String}[235]" classname="xuexishe.textSearchTest" time="0.059"/>
  <testcase name="TestGetAllEntityWordAndSearch{String}[236]" classname="xuexishe.textSearchTest" time="0.05"/>
  <testcase name="TestGetAllEntityWordAndSearch{String}[237]" classname="xuexishe.textSearchTest" time="0.044"/>
  <testcase name="TestGetAllEntityWordAndSearch{String}[238]" classname="xuexishe.textSearchTest" time="0.062"/>
  <testcase name="TestGetAllEntityWordAndSearch{String}[239]" classname="xuexishe.textSearchTest" time="0.049"/>
  <testcase name="TestGetAllEntityWordAndSearch{String}[240]" classname="xuexishe.textSearchTest" time="0.058"/>
  <testcase name="TestGetAllEntityWordAndSearch{String}[241]" classname="xuexishe.textSearchTest" time="0.055"/>
  <testcase name="TestGetAllEntityWordAndSearch{String}[242]" classname="xuexishe.textSearchTest" time="0.061"/>
  <testcase name="TestGetAllEntityWordAndSearch{String}[243]" classname="xuexishe.textSearchTest" time="0.077"/>
  <testcase name="TestGetAllEntityWordAndSearch{String}[244]" classname="xuexishe.textSearchTest" time="0.054"/>
  <testcase name="TestGetAllEntityWordAndSearch{String}[245]" classname="xuexishe.textSearchTest" time="0.045"/>
  <testcase name="TestGetAllEntityWordAndSearch{String}[246]" classname="xuexishe.textSearchTest" time="0.052"/>
  <testcase name="TestGetAllEntityWordAndSearch{String}[247]" classname="xuexishe.textSearchTest" time="0.054"/>
  <testcase name="TestGetAllEntityWordAndSearch{String}[248]" classname="xuexishe.textSearchTest" time="0.049"/>
  <testcase name="TestGetAllEntityWordAndSearch{String}[249]" classname="xuexishe.textSearchTest" time="0.048"/>
  <testcase name="TestGetAllEntityWordAndSearch{String}[250]" classname="xuexishe.textSearchTest" time="0.044"/>
  <testcase name="TestGetAllEntityWordAndSearch{String}[251]" classname="xuexishe.textSearchTest" time="0.05"/>
  <testcase name="TestGetAllEntityWordAndSearch{String}[252]" classname="xuexishe.textSearchTest" time="0.043"/>
  <testcase name="TestGetAllEntityWordAndSearch{String}[253]" classname="xuexishe.textSearchTest" time="0.068"/>
  <testcase name="TestGetAllEntityWordAndSearch{String}[254]" classname="xuexishe.textSearchTest" time="0.045"/>
  <testcase name="TestGetAllEntityWordAndSearch{String}[255]" classname="xuexishe.textSearchTest" time="0.079"/>
  <testcase name="TestGetAllEntityWordAndSearch{String}[256]" classname="xuexishe.textSearchTest" time="0.055"/>
  <testcase name="TestGetAllEntityWordAndSearch{String}[257]" classname="xuexishe.textSearchTest" time="0.06"/>
  <testcase name="TestGetAllEntityWordAndSearch{String}[258]" classname="xuexishe.textSearchTest" time="0.047"/>
  <testcase name="TestGetAllEntityWordAndSearch{String}[259]" classname="xuexishe.textSearchTest" time="0.049"/>
  <testcase name="TestGetAllEntityWordAndSearch{String}[260]" classname="xuexishe.textSearchTest" time="0.05"/>
  <testcase name="TestGetAllEntityWordAndSearch{String}[261]" classname="xuexishe.textSearchTest" time="0.047"/>
  <testcase name="TestGetAllEntityWordAndSearch{String}[262]" classname="xuexishe.textSearchTest" time="0.066"/>
  <testcase name="TestGetAllEntityWordAndSearch{String}[263]" classname="xuexishe.textSearchTest" time="0.063"/>
  <testcase name="TestGetAllEntityWordAndSearch{String}[264]" classname="xuexishe.textSearchTest" time="0.056"/>
  <testcase name="TestGetAllEntityWordAndSearch{String}[265]" classname="xuexishe.textSearchTest" time="0.072"/>
  <testcase name="TestGetAllEntityWordAndSearch{String}[266]" classname="xuexishe.textSearchTest" time="0.045"/>
  <testcase name="TestGetAllEntityWordAndSearch{String}[267]" classname="xuexishe.textSearchTest" time="0.054"/>
  <testcase name="TestGetAllEntityWordAndSearch{String}[268]" classname="xuexishe.textSearchTest" time="0.062"/>
  <testcase name="TestGetAllEntityWordAndSearch{String}[269]" classname="xuexishe.textSearchTest" time="0.04"/>
  <testcase name="TestGetAllEntityWordAndSearch{String}[270]" classname="xuexishe.textSearchTest" time="0.05"/>
  <testcase name="TestGetAllEntityWordAndSearch{String}[271]" classname="xuexishe.textSearchTest" time="0.057"/>
  <testcase name="TestGetAllEntityWordAndSearch{String}[272]" classname="xuexishe.textSearchTest" time="0.033"/>
  <testcase name="TestGetAllEntityWordAndSearch{String}[273]" classname="xuexishe.textSearchTest" time="0.042"/>
  <testcase name="TestGetAllEntityWordAndSearch{String}[274]" classname="xuexishe.textSearchTest" time="0.058"/>
  <testcase name="TestGetAllEntityWordAndSearch{String}[275]" classname="xuexishe.textSearchTest" time="0.043"/>
  <testcase name="TestGetAllEntityWordAndSearch{String}[276]" classname="xuexishe.textSearchTest" time="0.053"/>
  <testcase name="TestGetAllEntityWordAndSearch{String}[277]" classname="xuexishe.textSearchTest" time="0.047"/>
  <testcase name="TestGetAllEntityWordAndSearch{String}[278]" classname="xuexishe.textSearchTest" time="0.045"/>
  <testcase name="TestGetAllEntityWordAndSearch{String}[279]" classname="xuexishe.textSearchTest" time="0.065"/>
  <testcase name="TestGetAllEntityWordAndSearch{String}[280]" classname="xuexishe.textSearchTest" time="0.075"/>
  <testcase name="TestGetAllEntityWordAndSearch{String}[281]" classname="xuexishe.textSearchTest" time="0.045"/>
  <testcase name="TestGetAllEntityWordAndSearch{String}[282]" classname="xuexishe.textSearchTest" time="0.047"/>
  <testcase name="TestGetAllEntityWordAndSearch{String}[283]" classname="xuexishe.textSearchTest" time="0.047"/>
  <testcase name="TestGetAllEntityWordAndSearch{String}[284]" classname="xuexishe.textSearchTest" time="0.042"/>
  <testcase name="TestGetAllEntityWordAndSearch{String}[285]" classname="xuexishe.textSearchTest" time="0.064"/>
  <testcase name="TestGetAllEntityWordAndSearch{String}[286]" classname="xuexishe.textSearchTest" time="0.051"/>
  <testcase name="TestGetAllEntityWordAndSearch{String}[287]" classname="xuexishe.textSearchTest" time="0.066"/>
  <testcase name="TestGetAllEntityWordAndSearch{String}[288]" classname="xuexishe.textSearchTest" time="0.078"/>
  <testcase name="TestGetAllEntityWordAndSearch{String}[289]" classname="xuexishe.textSearchTest" time="0.054"/>
  <testcase name="TestGetAllEntityWordAndSearch{String}[290]" classname="xuexishe.textSearchTest" time="0.048"/>
  <testcase name="TestGetAllEntityWordAndSearch{String}[291]" classname="xuexishe.textSearchTest" time="0.047"/>
  <testcase name="TestGetAllEntityWordAndSearch{String}[292]" classname="xuexishe.textSearchTest" time="0.065"/>
  <testcase name="TestGetAllEntityWordAndSearch{String}[293]" classname="xuexishe.textSearchTest" time="0.052"/>
  <testcase name="TestGetAllEntityWordAndSearch{String}[294]" classname="xuexishe.textSearchTest" time="0.044"/>
  <testcase name="TestGetAllEntityWordAndSearch{String}[295]" classname="xuexishe.textSearchTest" time="0.051"/>
  <testcase name="TestGetAllEntityWordAndSearch{String}[296]" classname="xuexishe.textSearchTest" time="0.058"/>
  <testcase name="TestGetAllEntityWordAndSearch{String}[297]" classname="xuexishe.textSearchTest" time="0.05"/>
  <testcase name="TestGetAllEntityWordAndSearch{String}[298]" classname="xuexishe.textSearchTest" time="0.044"/>
  <testcase name="TestGetAllEntityWordAndSearch{String}[299]" classname="xuexishe.textSearchTest" time="0.068"/>
  <testcase name="TestGetAllEntityWordAndSearch{String}[300]" classname="xuexishe.textSearchTest" time="0.045"/>
  <testcase name="TestGetAllEntityWordAndSearch{String}[301]" classname="xuexishe.textSearchTest" time="0.067"/>
  <testcase name="TestGetAllEntityWordAndSearch{String}[302]" classname="xuexishe.textSearchTest" time="0.046"/>
  <testcase name="TestGetAllEntityWordAndSearch{String}[303]" classname="xuexishe.textSearchTest" time="0.059"/>
  <testcase name="TestGetAllEntityWordAndSearch{String}[304]" classname="xuexishe.textSearchTest" time="0.053"/>
  <testcase name="TestGetAllEntityWordAndSearch{String}[305]" classname="xuexishe.textSearchTest" time="0.059"/>
  <testcase name="TestGetAllEntityWordAndSearch{String}[306]" classname="xuexishe.textSearchTest" time="0.053"/>
  <testcase name="TestGetAllEntityWordAndSearch{String}[307]" classname="xuexishe.textSearchTest" time="0.057"/>
  <testcase name="TestGetAllEntityWordAndSearch{String}[308]" classname="xuexishe.textSearchTest" time="0.054"/>
  <testcase name="TestGetAllEntityWordAndSearch{String}[309]" classname="xuexishe.textSearchTest" time="0.046"/>
  <testcase name="TestGetAllEntityWordAndSearch{String}[310]" classname="xuexishe.textSearchTest" time="0.052"/>
  <testcase name="TestGetAllEntityWordAndSearch{String}[311]" classname="xuexishe.textSearchTest" time="0.062"/>
  <testcase name="TestGetAllEntityWordAndSearch{String}[312]" classname="xuexishe.textSearchTest" time="0.05"/>
  <testcase name="TestGetAllEntityWordAndSearch{String}[313]" classname="xuexishe.textSearchTest" time="0.065"/>
  <testcase name="TestGetAllEntityWordAndSearch{String}[314]" classname="xuexishe.textSearchTest" time="0.056"/>
  <testcase name="TestGetAllEntityWordAndSearch{String}[315]" classname="xuexishe.textSearchTest" time="0.045"/>
  <testcase name="TestGetAllEntityWordAndSearch{String}[316]" classname="xuexishe.textSearchTest" time="0.056"/>
  <testcase name="TestGetAllEntityWordAndSearch{String}[317]" classname="xuexishe.textSearchTest" time="0.06"/>
  <testcase name="TestGetAllEntityWordAndSearch{String}[318]" classname="xuexishe.textSearchTest" time="0.056"/>
  <testcase name="TestGetAllEntityWordAndSearch{String}[319]" classname="xuexishe.textSearchTest" time="0.082"/>
  <testcase name="TestGetAllEntityWordAndSearch{String}[320]" classname="xuexishe.textSearchTest" time="0.042"/>
  <testcase name="TestGetAllEntityWordAndSearch{String}[321]" classname="xuexishe.textSearchTest" time="0.046"/>
  <testcase name="TestGetAllEntityWordAndSearch{String}[322]" classname="xuexishe.textSearchTest" time="0.058"/>
  <testcase name="TestGetAllEntityWordAndSearch{String}[323]" classname="xuexishe.textSearchTest" time="0.051"/>
  <testcase name="TestGetAllEntityWordAndSearch{String}[324]" classname="xuexishe.textSearchTest" time="0.052"/>
  <testcase name="TestGetAllEntityWordAndSearch{String}[325]" classname="xuexishe.textSearchTest" time="0.051"/>
  <testcase name="TestGetAllEntityWordAndSearch{String}[326]" classname="xuexishe.textSearchTest" time="0.07"/>
  <testcase name="TestGetAllEntityWordAndSearch{String}[327]" classname="xuexishe.textSearchTest" time="0.06"/>
  <testcase name="TestGetAllEntityWordAndSearch{String}[328]" classname="xuexishe.textSearchTest" time="0.059"/>
  <testcase name="TestGetAllEntityWordAndSearch{String}[329]" classname="xuexishe.textSearchTest" time="0.052"/>
  <testcase name="TestGetAllEntityWordAndSearch{String}[330]" classname="xuexishe.textSearchTest" time="0.067"/>
  <testcase name="TestGetAllEntityWordAndSearch{String}[331]" classname="xuexishe.textSearchTest" time="0.067"/>
  <testcase name="TestGetAllEntityWordAndSearch{String}[332]" classname="xuexishe.textSearchTest" time="0.048"/>
  <testcase name="TestGetAllEntityWordAndSearch{String}[333]" classname="xuexishe.textSearchTest" time="0.05"/>
  <testcase name="TestGetAllEntityWordAndSearch{String}[334]" classname="xuexishe.textSearchTest" time="0.06"/>
  <testcase name="TestGetAllEntityWordAndSearch{String}[335]" classname="xuexishe.textSearchTest" time="0.049"/>
  <testcase name="TestGetAllEntityWordAndSearch{String}[336]" classname="xuexishe.textSearchTest" time="0.049"/>
  <testcase name="TestGetAllEntityWordAndSearch{String}[337]" classname="xuexishe.textSearchTest" time="0.05"/>
  <testcase name="TestGetAllEntityWordAndSearch{String}[338]" classname="xuexishe.textSearchTest" time="0.045"/>
  <testcase name="TestGetAllEntityWordAndSearch{String}[339]" classname="xuexishe.textSearchTest" time="0.073"/>
  <testcase name="TestGetAllEntityWordAndSearch{String}[340]" classname="xuexishe.textSearchTest" time="0.05"/>
  <testcase name="TestGetAllEntityWordAndSearch{String}[341]" classname="xuexishe.textSearchTest" time="0.048"/>
  <testcase name="TestGetAllEntityWordAndSearch{String}[342]" classname="xuexishe.textSearchTest" time="0.052"/>
  <testcase name="TestGetAllEntityWordAndSearch{String}[343]" classname="xuexishe.textSearchTest" time="0.077"/>
  <testcase name="TestGetAllEntityWordAndSearch{String}[344]" classname="xuexishe.textSearchTest" time="0.056"/>
  <testcase name="TestGetAllEntityWordAndSearch{String}[345]" classname="xuexishe.textSearchTest" time="0.065"/>
  <testcase name="TestGetAllEntityWordAndSearch{String}[346]" classname="xuexishe.textSearchTest" time="0.045"/>
  <testcase name="TestGetAllEntityWordAndSearch{String}[347]" classname="xuexishe.textSearchTest" time="0.052"/>
  <testcase name="TestGetAllEntityWordAndSearch{String}[348]" classname="xuexishe.textSearchTest" time="0.055"/>
  <testcase name="TestGetAllEntityWordAndSearch{String}[349]" classname="xuexishe.textSearchTest" time="0.043"/>
  <testcase name="TestGetAllEntityWordAndSearch{String}[350]" classname="xuexishe.textSearchTest" time="0.048"/>
  <testcase name="TestGetAllEntityWordAndSearch{String}[351]" classname="xuexishe.textSearchTest" time="0.064"/>
  <testcase name="TestGetAllEntityWordAndSearch{String}[352]" classname="xuexishe.textSearchTest" time="0.058"/>
  <testcase name="TestGetAllEntityWordAndSearch{String}[353]" classname="xuexishe.textSearchTest" time="0.047"/>
  <testcase name="TestGetAllEntityWordAndSearch{String}[354]" classname="xuexishe.textSearchTest" time="0.073"/>
  <testcase name="TestGetAllEntityWordAndSearch{String}[355]" classname="xuexishe.textSearchTest" time="0.055"/>
  <testcase name="TestGetAllEntityWordAndSearch{String}[356]" classname="xuexishe.textSearchTest" time="0.068"/>
  <testcase name="TestGetAllEntityWordAndSearch{String}[357]" classname="xuexishe.textSearchTest" time="0.046"/>
  <testcase name="TestGetAllEntityWordAndSearch{String}[358]" classname="xuexishe.textSearchTest" time="0.041"/>
  <testcase name="TestGetAllEntityWordAndSearch{String}[359]" classname="xuexishe.textSearchTest" time="0.052"/>
  <testcase name="TestGetAllEntityWordAndSearch{String}[360]" classname="xuexishe.textSearchTest" time="0.054"/>
  <testcase name="TestGetAllEntityWordAndSearch{String}[361]" classname="xuexishe.textSearchTest" time="0.054"/>
  <testcase name="TestGetAllEntityWordAndSearch{String}[362]" classname="xuexishe.textSearchTest" time="0.043"/>
  <testcase name="TestGetAllEntityWordAndSearch{String}[363]" classname="xuexishe.textSearchTest" time="0.054"/>
  <testcase name="TestGetAllEntityWordAndSearch{String}[364]" classname="xuexishe.textSearchTest" time="0.054"/>
  <testcase name="TestGetAllEntityWordAndSearch{String}[365]" classname="xuexishe.textSearchTest" time="0.062"/>
  <testcase name="TestGetAllEntityWordAndSearch{String}[366]" classname="xuexishe.textSearchTest" time="0.05"/>
  <testcase name="TestGetAllEntityWordAndSearch{String}[367]" classname="xuexishe.textSearchTest" time="0.047"/>
  <testcase name="TestGetAllEntityWordAndSearch{String}[368]" classname="xuexishe.textSearchTest" time="0.072"/>
  <testcase name="TestGetAllEntityWordAndSearch{String}[369]" classname="xuexishe.textSearchTest" time="0.046"/>
  <testcase name="TestGetAllEntityWordAndSearch{String}[370]" classname="xuexishe.textSearchTest" time="0.066"/>
  <testcase name="TestGetAllEntityWordAndSearch{String}[371]" classname="xuexishe.textSearchTest" time="0.048"/>
  <testcase name="TestGetAllEntityWordAndSearch{String}[372]" classname="xuexishe.textSearchTest" time="0.051"/>
  <testcase name="TestGetAllEntityWordAndSearch{String}[373]" classname="xuexishe.textSearchTest" time="0.07"/>
  <testcase name="TestGetAllEntityWordAndSearch{String}[374]" classname="xuexishe.textSearchTest" time="0.049"/>
  <testcase name="TestGetAllEntityWordAndSearch{String}[375]" classname="xuexishe.textSearchTest" time="0.043"/>
  <testcase name="TestGetAllEntityWordAndSearch{String}[376]" classname="xuexishe.textSearchTest" time="0.053"/>
  <testcase name="TestGetAllEntityWordAndSearch{String}[377]" classname="xuexishe.textSearchTest" time="0.07"/>
  <testcase name="TestGetAllEntityWordAndSearch{String}[378]" classname="xuexishe.textSearchTest" time="0.058"/>
  <testcase name="TestGetAllEntityWordAndSearch{String}[379]" classname="xuexishe.textSearchTest" time="0.051"/>
  <testcase name="TestGetAllEntityWordAndSearch{String}[380]" classname="xuexishe.textSearchTest" time="0.052"/>
  <testcase name="TestGetAllEntityWordAndSearch{String}[381]" classname="xuexishe.textSearchTest" time="0.056"/>
  <testcase name="TestGetAllEntityWordAndSearch{String}[382]" classname="xuexishe.textSearchTest" time="0.053"/>
  <testcase name="TestGetAllEntityWordAndSearch{String}[383]" classname="xuexishe.textSearchTest" time="0.054"/>
  <testcase name="TestGetAllEntityWordAndSearch{String}[384]" classname="xuexishe.textSearchTest" time="0.045"/>
  <testcase name="TestGetAllEntityWordAndSearch{String}[385]" classname="xuexishe.textSearchTest" time="0.045"/>
  <testcase name="TestGetAllEntityWordAndSearch{String}[386]" classname="xuexishe.textSearchTest" time="0.059"/>
  <testcase name="TestGetAllEntityWordAndSearch{String}[387]" classname="xuexishe.textSearchTest" time="0.065"/>
  <testcase name="TestGetAllEntityWordAndSearch{String}[388]" classname="xuexishe.textSearchTest" time="0.063"/>
  <testcase name="TestGetAllEntityWordAndSearch{String}[389]" classname="xuexishe.textSearchTest" time="0.061"/>
  <testcase name="TestGetAllEntityWordAndSearch{String}[390]" classname="xuexishe.textSearchTest" time="0.033"/>
  <testcase name="TestGetAllEntityWordAndSearch{String}[391]" classname="xuexishe.textSearchTest" time="0.057"/>
  <testcase name="TestGetAllEntityWordAndSearch{String}[392]" classname="xuexishe.textSearchTest" time="0.047"/>
  <testcase name="TestGetAllEntityWordAndSearch{String}[393]" classname="xuexishe.textSearchTest" time="0.05"/>
  <testcase name="TestGetAllEntityWordAndSearch{String}[394]" classname="xuexishe.textSearchTest" time="0.053"/>
  <testcase name="TestGetAllEntityWordAndSearch{String}[395]" classname="xuexishe.textSearchTest" time="0.091"/>
  <testcase name="TestGetAllEntityWordAndSearch{String}[396]" classname="xuexishe.textSearchTest" time="0.062"/>
  <testcase name="TestGetAllEntityWordAndSearch{String}[397]" classname="xuexishe.textSearchTest" time="0.063"/>
  <testcase name="TestGetAllEntityWordAndSearch{String}[398]" classname="xuexishe.textSearchTest" time="0.045"/>
  <testcase name="TestGetAllEntityWordAndSearch{String}[399]" classname="xuexishe.textSearchTest" time="0.047"/>
  <testcase name="TestGetAllEntityWordAndSearch{String}[400]" classname="xuexishe.textSearchTest" time="0.054"/>
  <testcase name="TestGetAllEntityWordAndSearch{String}[401]" classname="xuexishe.textSearchTest" time="0.063"/>
  <testcase name="TestGetAllEntityWordAndSearch{String}[402]" classname="xuexishe.textSearchTest" time="0.045"/>
  <testcase name="TestGetAllEntityWordAndSearch{String}[403]" classname="xuexishe.textSearchTest" time="0.067"/>
  <testcase name="TestGetAllEntityWordAndSearch{String}[404]" classname="xuexishe.textSearchTest" time="0.047"/>
  <testcase name="TestGetAllEntityWordAndSearch{String}[405]" classname="xuexishe.textSearchTest" time="0.064"/>
  <testcase name="TestGetAllEntityWordAndSearch{String}[406]" classname="xuexishe.textSearchTest" time="0.047"/>
  <testcase name="TestGetAllEntityWordAndSearch{String}[407]" classname="xuexishe.textSearchTest" time="0.048"/>
  <testcase name="TestGetAllEntityWordAndSearch{String}[408]" classname="xuexishe.textSearchTest" time="0.041"/>
  <testcase name="TestGetAllEntityWordAndSearch{String}[409]" classname="xuexishe.textSearchTest" time="0.05"/>
  <testcase name="TestGetAllEntityWordAndSearch{String}[410]" classname="xuexishe.textSearchTest" time="0.054"/>
  <testcase name="TestGetAllEntityWordAndSearch{String}[411]" classname="xuexishe.textSearchTest" time="0.061"/>
  <testcase name="TestGetAllEntityWordAndSearch{String}[412]" classname="xuexishe.textSearchTest" time="0.055"/>
  <testcase name="TestGetAllEntityWordAndSearch{String}[413]" classname="xuexishe.textSearchTest" time="0.045"/>
  <testcase name="TestGetAllEntityWordAndSearch{String}[414]" classname="xuexishe.textSearchTest" time="0.055"/>
  <testcase name="TestGetAllEntityWordAndSearch{String}[415]" classname="xuexishe.textSearchTest" time="0.081"/>
  <testcase name="TestGetAllEntityWordAndSearch{String}[416]" classname="xuexishe.textSearchTest" time="0.056"/>
  <testcase name="TestGetAllEntityWordAndSearch{String}[417]" classname="xuexishe.textSearchTest" time="0.068"/>
  <testcase name="TestGetAllEntityWordAndSearch{String}[418]" classname="xuexishe.textSearchTest" time="0.059"/>
  <testcase name="TestGetAllEntityWordAndSearch{String}[419]" classname="xuexishe.textSearchTest" time="0.053"/>
  <testcase name="TestGetAllEntityWordAndSearch{String}[420]" classname="xuexishe.textSearchTest" time="0.046"/>
  <testcase name="TestGetAllEntityWordAndSearch{String}[421]" classname="xuexishe.textSearchTest" time="0.049"/>
  <testcase name="TestGetAllEntityWordAndSearch{String}[422]" classname="xuexishe.textSearchTest" time="0.051"/>
  <testcase name="TestGetAllEntityWordAndSearch{String}[423]" classname="xuexishe.textSearchTest" time="0.049"/>
  <testcase name="TestGetAllEntityWordAndSearch{String}[424]" classname="xuexishe.textSearchTest" time="0.056"/>
  <testcase name="TestGetAllEntityWordAndSearch{String}[425]" classname="xuexishe.textSearchTest" time="0.045"/>
  <testcase name="TestGetAllEntityWordAndSearch{String}[426]" classname="xuexishe.textSearchTest" time="0.041"/>
  <testcase name="TestGetAllEntityWordAndSearch{String}[427]" classname="xuexishe.textSearchTest" time="0.048"/>
  <testcase name="TestGetAllEntityWordAndSearch{String}[428]" classname="xuexishe.textSearchTest" time="0.044"/>
  <testcase name="TestGetAllEntityWordAndSearch{String}[429]" classname="xuexishe.textSearchTest" time="0.054"/>
  <testcase name="TestGetAllEntityWordAndSearch{String}[430]" classname="xuexishe.textSearchTest" time="0.034"/>
  <testcase name="TestGetAllEntityWordAndSearch{String}[431]" classname="xuexishe.textSearchTest" time="0.061"/>
  <testcase name="TestGetAllEntityWordAndSearch{String}[432]" classname="xuexishe.textSearchTest" time="0.04"/>
  <testcase name="TestGetAllEntityWordAndSearch{String}[433]" classname="xuexishe.textSearchTest" time="0.045"/>
  <testcase name="TestGetAllEntityWordAndSearch{String}[434]" classname="xuexishe.textSearchTest" time="0.056"/>
  <testcase name="TestGetAllEntityWordAndSearch{String}[435]" classname="xuexishe.textSearchTest" time="0.042"/>
  <testcase name="TestGetAllEntityWordAndSearch{String}[436]" classname="xuexishe.textSearchTest" time="0.042"/>
  <testcase name="TestGetAllEntityWordAndSearch{String}[437]" classname="xuexishe.textSearchTest" time="0.046"/>
  <testcase name="TestGetAllEntityWordAndSearch{String}[438]" classname="xuexishe.textSearchTest" time="0.055"/>
  <testcase name="TestGetAllEntityWordAndSearch{String}[439]" classname="xuexishe.textSearchTest" time="0.041"/>
  <testcase name="TestGetAllEntityWordAndSearch{String}[440]" classname="xuexishe.textSearchTest" time="0.048"/>
  <testcase name="TestGetAllEntityWordAndSearch{String}[441]" classname="xuexishe.textSearchTest" time="0.052"/>
  <testcase name="TestGetAllEntityWordAndSearch{String}[442]" classname="xuexishe.textSearchTest" time="0.059"/>
  <testcase name="TestGetAllEntityWordAndSearch{String}[443]" classname="xuexishe.textSearchTest" time="0.049"/>
  <testcase name="TestGetAllEntityWordAndSearch{String}[444]" classname="xuexishe.textSearchTest" time="0.046"/>
  <testcase name="TestGetAllEntityWordAndSearch{String}[445]" classname="xuexishe.textSearchTest" time="0.043"/>
  <testcase name="TestGetAllEntityWordAndSearch{String}[446]" classname="xuexishe.textSearchTest" time="0.049"/>
  <testcase name="TestGetAllEntityWordAndSearch{String}[447]" classname="xuexishe.textSearchTest" time="0.047"/>
  <testcase name="TestGetAllEntityWordAndSearch{String}[448]" classname="xuexishe.textSearchTest" time="0.043"/>
  <testcase name="TestGetAllEntityWordAndSearch{String}[449]" classname="xuexishe.textSearchTest" time="0.045"/>
  <testcase name="TestGetAllEntityWordAndSearch{String}[450]" classname="xuexishe.textSearchTest" time="0.049"/>
  <testcase name="TestGetAllEntityWordAndSearch{String}[451]" classname="xuexishe.textSearchTest" time="0.055"/>
  <testcase name="TestGetAllEntityWordAndSearch{String}[452]" classname="xuexishe.textSearchTest" time="0.048"/>
  <testcase name="TestGetAllEntityWordAndSearch{String}[453]" classname="xuexishe.textSearchTest" time="0.033"/>
  <testcase name="TestGetAllEntityWordAndSearch{String}[454]" classname="xuexishe.textSearchTest" time="0.056"/>
  <testcase name="TestGetAllEntityWordAndSearch{String}[455]" classname="xuexishe.textSearchTest" time="0.047"/>
  <testcase name="TestGetAllEntityWordAndSearch{String}[456]" classname="xuexishe.textSearchTest" time="0.046"/>
  <testcase name="TestGetAllEntityWordAndSearch{String}[457]" classname="xuexishe.textSearchTest" time="0.059"/>
  <testcase name="TestGetAllEntityWordAndSearch{String}[458]" classname="xuexishe.textSearchTest" time="0.042"/>
  <testcase name="TestGetAllEntityWordAndSearch{String}[459]" classname="xuexishe.textSearchTest" time="0.057"/>
  <testcase name="TestGetAllEntityWordAndSearch{String}[460]" classname="xuexishe.textSearchTest" time="0.053"/>
  <testcase name="TestGetAllEntityWordAndSearch{String}[461]" classname="xuexishe.textSearchTest" time="0.049"/>
  <testcase name="TestGetAllEntityWordAndSearch{String}[462]" classname="xuexishe.textSearchTest" time="0.043"/>
  <testcase name="TestGetAllEntityWordAndSearch{String}[463]" classname="xuexishe.textSearchTest" time="0.048"/>
  <testcase name="TestGetAllEntityWordAndSearch{String}[464]" classname="xuexishe.textSearchTest" time="0.042"/>
  <testcase name="TestGetAllEntityWordAndSearch{String}[465]" classname="xuexishe.textSearchTest" time="0.063"/>
  <testcase name="TestGetAllEntityWordAndSearch{String}[466]" classname="xuexishe.textSearchTest" time="0.052"/>
  <testcase name="TestGetAllEntityWordAndSearch{String}[467]" classname="xuexishe.textSearchTest" time="0.051"/>
  <testcase name="TestGetAllEntityWordAndSearch{String}[468]" classname="xuexishe.textSearchTest" time="0.057"/>
  <testcase name="TestGetAllEntityWordAndSearch{String}[469]" classname="xuexishe.textSearchTest" time="0.047"/>
  <testcase name="TestGetAllEntityWordAndSearch{String}[470]" classname="xuexishe.textSearchTest" time="0.043"/>
  <testcase name="TestGetAllEntityWordAndSearch{String}[471]" classname="xuexishe.textSearchTest" time="0.046"/>
  <testcase name="TestGetAllEntityWordAndSearch{String}[472]" classname="xuexishe.textSearchTest" time="0.047"/>
  <testcase name="TestGetAllEntityWordAndSearch{String}[473]" classname="xuexishe.textSearchTest" time="0.047"/>
  <testcase name="TestGetAllEntityWordAndSearch{String}[474]" classname="xuexishe.textSearchTest" time="0.042"/>
  <testcase name="TestGetAllEntityWordAndSearch{String}[475]" classname="xuexishe.textSearchTest" time="0.046"/>
  <testcase name="TestGetAllEntityWordAndSearch{String}[476]" classname="xuexishe.textSearchTest" time="0.05"/>
  <testcase name="TestGetAllEntityWordAndSearch{String}[477]" classname="xuexishe.textSearchTest" time="0.055"/>
  <testcase name="TestGetAllEntityWordAndSearch{String}[478]" classname="xuexishe.textSearchTest" time="0.041"/>
  <testcase name="TestGetAllEntityWordAndSearch{String}[479]" classname="xuexishe.textSearchTest" time="0.045"/>
  <testcase name="TestGetAllEntityWordAndSearch{String}[480]" classname="xuexishe.textSearchTest" time="0.043"/>
  <testcase name="TestGetAllEntityWordAndSearch{String}[481]" classname="xuexishe.textSearchTest" time="0.057"/>
  <testcase name="TestGetAllEntityWordAndSearch{String}[482]" classname="xuexishe.textSearchTest" time="0.04"/>
  <testcase name="TestGetAllEntityWordAndSearch{String}[483]" classname="xuexishe.textSearchTest" time="0.049"/>
  <testcase name="TestGetAllEntityWordAndSearch{String}[484]" classname="xuexishe.textSearchTest" time="0.043"/>
  <testcase name="TestGetAllEntityWordAndSearch{String}[485]" classname="xuexishe.textSearchTest" time="0.048"/>
  <testcase name="TestGetAllEntityWordAndSearch{String}[486]" classname="xuexishe.textSearchTest" time="0.045"/>
  <testcase name="TestGetAllEntityWordAndSearch{String}[487]" classname="xuexishe.textSearchTest" time="0.04"/>
  <testcase name="TestGetAllEntityWordAndSearch{String}[488]" classname="xuexishe.textSearchTest" time="0.045"/>
  <testcase name="TestGetAllEntityWordAndSearch{String}[489]" classname="xuexishe.textSearchTest" time="0.047"/>
  <testcase name="TestGetAllEntityWordAndSearch{String}[490]" classname="xuexishe.textSearchTest" time="0.064"/>
  <testcase name="TestGetAllEntityWordAndSearch{String}[491]" classname="xuexishe.textSearchTest" time="0.049"/>
  <testcase name="TestGetAllEntityWordAndSearch{String}[492]" classname="xuexishe.textSearchTest" time="0.044"/>
  <testcase name="TestGetAllEntityWordAndSearch{String}[493]" classname="xuexishe.textSearchTest" time="0.043"/>
  <testcase name="TestGetAllEntityWordAndSearch{String}[494]" classname="xuexishe.textSearchTest" time="0.048"/>
  <testcase name="TestGetAllEntityWordAndSearch{String}[495]" classname="xuexishe.textSearchTest" time="0.04"/>
  <testcase name="TestGetAllEntityWordAndSearch{String}[496]" classname="xuexishe.textSearchTest" time="0.057"/>
  <testcase name="TestGetAllEntityWordAndSearch{String}[497]" classname="xuexishe.textSearchTest" time="0.046"/>
  <testcase name="TestGetAllEntityWordAndSearch{String}[498]" classname="xuexishe.textSearchTest" time="0.041"/>
  <testcase name="TestGetAllEntityWordAndSearch{String}[499]" classname="xuexishe.textSearchTest" time="0.045"/>
  <testcase name="TestGetAllEntityWordAndSearch{String}[500]" classname="xuexishe.textSearchTest" time="0.042"/>
  <testcase name="TestGetAllEntityWordAndSearch{String}[501]" classname="xuexishe.textSearchTest" time="0.058"/>
  <testcase name="TestGetAllEntityWordAndSearch{String}[502]" classname="xuexishe.textSearchTest" time="0.046"/>
  <testcase name="TestGetAllEntityWordAndSearch{String}[503]" classname="xuexishe.textSearchTest" time="0.032"/>
  <testcase name="TestGetAllEntityWordAndSearch{String}[504]" classname="xuexishe.textSearchTest" time="0.045"/>
  <testcase name="TestGetAllEntityWordAndSearch{String}[505]" classname="xuexishe.textSearchTest" time="0.043"/>
  <testcase name="TestGetAllEntityWordAndSearch{String}[506]" classname="xuexishe.textSearchTest" time="0.045"/>
  <testcase name="TestGetAllEntityWordAndSearch{String}[507]" classname="xuexishe.textSearchTest" time="0.047"/>
  <testcase name="TestGetAllEntityWordAndSearch{String}[508]" classname="xuexishe.textSearchTest" time="0.041"/>
  <testcase name="TestGetAllEntityWordAndSearch{String}[509]" classname="xuexishe.textSearchTest" time="0.044"/>
  <testcase name="TestGetAllEntityWordAndSearch{String}[510]" classname="xuexishe.textSearchTest" time="0.057"/>
  <testcase name="TestGetAllEntityWordAndSearch{String}[511]" classname="xuexishe.textSearchTest" time="0.05"/>
  <testcase name="TestGetAllEntityWordAndSearch{String}[512]" classname="xuexishe.textSearchTest" time="0.048"/>
  <testcase name="TestGetAllEntityWordAndSearch{String}[513]" classname="xuexishe.textSearchTest" time="0.046"/>
  <testcase name="TestGetAllEntityWordAndSearch{String}[514]" classname="xuexishe.textSearchTest" time="0.042"/>
  <testcase name="TestGetAllEntityWordAndSearch{String}[515]" classname="xuexishe.textSearchTest" time="0.068"/>
  <testcase name="TestGetAllEntityWordAndSearch{String}[516]" classname="xuexishe.textSearchTest" time="0.048"/>
  <testcase name="TestGetAllEntityWordAndSearch{String}[517]" classname="xuexishe.textSearchTest" time="0.045"/>
  <testcase name="TestGetAllEntityWordAndSearch{String}[518]" classname="xuexishe.textSearchTest" time="0.057"/>
  <testcase name="TestGetAllEntityWordAndSearch{String}[519]" classname="xuexishe.textSearchTest" time="0.046"/>
  <testcase name="TestGetAllEntityWordAndSearch{String}[520]" classname="xuexishe.textSearchTest" time="0.042"/>
  <testcase name="TestGetAllEntityWordAndSearch{String}[521]" classname="xuexishe.textSearchTest" time="0.046"/>
  <testcase name="TestGetAllEntityWordAndSearch{String}[522]" classname="xuexishe.textSearchTest" time="0.045"/>
  <testcase name="TestGetAllEntityWordAndSearch{String}[523]" classname="xuexishe.textSearchTest" time="0.039"/>
  <testcase name="TestGetAllEntityWordAndSearch{String}[524]" classname="xuexishe.textSearchTest" time="0.042"/>
  <testcase name="TestGetAllEntityWordAndSearch{String}[525]" classname="xuexishe.textSearchTest" time="0.046"/>
  <testcase name="TestGetAllEntityWordAndSearch{String}[526]" classname="xuexishe.textSearchTest" time="0.04"/>
  <testcase name="TestGetAllEntityWordAndSearch{String}[527]" classname="xuexishe.textSearchTest" time="0.054"/>
  <testcase name="TestGetAllEntityWordAndSearch{String}[528]" classname="xuexishe.textSearchTest" time="0.043"/>
  <testcase name="TestGetAllEntityWordAndSearch{String}[529]" classname="xuexishe.textSearchTest" time="0.046"/>
  <testcase name="TestGetAllEntityWordAndSearch{String}[530]" classname="xuexishe.textSearchTest" time="0.044"/>
  <testcase name="TestGetAllEntityWordAndSearch{String}[531]" classname="xuexishe.textSearchTest" time="0.042"/>
</testsuite>